<?xml version="1.0" encoding="UTF-8"?>
<coverage generated="1615314538298" clover="3.2.0">
  <project timestamp="1615314538298" name="All files">
    <metrics statements="6" coveredstatements="6" conditionals="0" coveredconditionals="0" methods="5" coveredmethods="5" elements="11" coveredelements="11" complexity="0" loc="6" ncloc="6" packages="1" files="2" classes="2"/>
    <file name="Character.js" path="C:\Users\artem\Desktop\Netology\Продвинутый JS\containers_set\src\js\Character.js">
      <metrics statements="1" coveredstatements="1" conditionals="0" coveredconditionals="0" methods="1" coveredmethods="1"/>
      <line num="8" count="3" type="stmt"/>
    </file>
    <file name="Team.js" path="C:\Users\artem\Desktop\Netology\Продвинутый JS\containers_set\src\js\Team.js">
      <metrics statements="5" coveredstatements="5" conditionals="0" coveredconditionals="0" methods="4" coveredmethods="4"/>
      <line num="3" count="3" type="stmt"/>
      <line num="7" count="6" type="stmt"/>
      <line num="12" count="1" type="stmt"/>
      <line num="13" count="6" type="stmt"/>
      <line num="18" count="1" type="stmt"/>
    </file>
  </project>
</coverage>
