{"C:\\Users\\artem\\Desktop\\Netology\\Продвинутый JS\\containers_set\\src\\js\\Character.js": {"path":"C:\\Users\\artem\\Desktop\\Netology\\Продвинутый JS\\containers_set\\src\\js\\Character.js","statementMap":{"0":{"start":{"line":8,"column":4},"end":{"line":8,"column":12}}},"fnMap":{"0":{"name":"(anonymous_0)","decl":{"start":{"line":7,"column":2},"end":{"line":7,"column":3}},"loc":{"start":{"line":7,"column":16},"end":{"line":9,"column":3}},"line":7}},"branchMap":{},"s":{"0":3},"f":{"0":3},"b":{},"_coverageSchema":"1a1c01bbd47fc00a2c39e90264f33305004495a9","hash":"fed7012c655e814e2b6a5211ca09226af98cebaa"}
,"C:\\Users\\artem\\Desktop\\Netology\\Продвинутый JS\\containers_set\\src\\js\\Team.js": {"path":"C:\\Users\\artem\\Desktop\\Netology\\Продвинутый JS\\containers_set\\src\\js\\Team.js","statementMap":{"0":{"start":{"line":3,"column":4},"end":{"line":3,"column":29}},"1":{"start":{"line":7,"column":4},"end":{"line":7,"column":36}},"2":{"start":{"line":12,"column":4},"end":{"line":14,"column":5}},"3":{"start":{"line":13,"column":6},"end":{"line":13,"column":30}},"4":{"start":{"line":18,"column":18},"end":{"line":18,"column":35}},"5":{"start":{"line":19,"column":4},"end":{"line":19,"column":17}}},"fnMap":{"0":{"name":"(anonymous_0)","decl":{"start":{"line":2,"column":2},"end":{"line":2,"column":3}},"loc":{"start":{"line":2,"column":16},"end":{"line":4,"column":3}},"line":2},"1":{"name":"(anonymous_1)","decl":{"start":{"line":6,"column":2},"end":{"line":6,"column":3}},"loc":{"start":{"line":6,"column":14},"end":{"line":8,"column":3}},"line":6},"2":{"name":"(anonymous_2)","decl":{"start":{"line":10,"column":2},"end":{"line":10,"column":3}},"loc":{"start":{"line":10,"column":24},"end":{"line":15,"column":3}},"line":10},"3":{"name":"(anonymous_3)","decl":{"start":{"line":17,"column":2},"end":{"line":17,"column":3}},"loc":{"start":{"line":17,"column":12},"end":{"line":20,"column":3}},"line":17}},"branchMap":{},"s":{"0":3,"1":6,"2":1,"3":6,"4":2,"5":2},"f":{"0":3,"1":6,"2":1,"3":2},"b":{},"_coverageSchema":"1a1c01bbd47fc00a2c39e90264f33305004495a9","hash":"c81a7d1a44ce14b33dae6b30c016f893c7eac485"}
}
